Vivado Simulator 2019.1
Copyright 1986-1999, 2001-2019 Xilinx, Inc. All Rights Reserved.
Running: /tools/Xilinx/Vivado/2019.1/bin/unwrapped/lnx64.o/xelab -wto 602d8fc5f1344335a6c84953e71e2027 --incr --debug typical --relax --mt 8 -L xil_defaultlib -L unisims_ver -L secureip --snapshot Floating_Point_RGBtoHSV_testbench_func_synth xil_defaultlib.Floating_Point_RGBtoHSV_testbench xil_defaultlib.glbl -log elaborate.log 
Using 8 slave threads.
Starting static elaboration
Completed static elaboration
Starting simulation data flow analysis
Completed simulation data flow analysis
Time Resolution for simulation is 1ps
Compiling module unisims_ver.CARRY4
Compiling module unisims_ver.x_lut1_mux2
Compiling module unisims_ver.LUT1
Compiling module unisims_ver.x_lut3_mux8
Compiling module unisims_ver.LUT3
Compiling module unisims_ver.LUT4
Compiling module unisims_ver.LUT6
Compiling module unisims_ver.LUT5
Compiling module unisims_ver.x_lut2_mux4
Compiling module unisims_ver.LUT2
Compiling module unisims_ver.IBUF
Compiling module unisims_ver.BUFG
Compiling module xil_defaultlib.Floating_Point_Div
Compiling module xil_defaultlib.Floating_Point_Div_0
Compiling module xil_defaultlib.Floating_Point_Div_1
Compiling module xil_defaultlib.Floating_Point_Div_2
Compiling module unisims_ver.OBUF
Compiling module unisims_ver.FDRE_default
Compiling module unisims_ver.OBUFT
Compiling module unisims_ver.DSP48E1(ACASCREG=0,ALUMODEREG=0,...
Compiling module unisims_ver.DSP48E1(ACASCREG=0,ALUMODEREG=0,...
Compiling module unisims_ver.MUXF7
Compiling module xil_defaultlib.Normalize_4
Compiling module xil_defaultlib.Floating_Point_Mul
Compiling module xil_defaultlib.Normalize
Compiling module xil_defaultlib.Floating_Point_Mul_3
Compiling module xil_defaultlib.Floating_Point_RGBtoHSV
Compiling module xil_defaultlib.Floating_Point_RGBtoHSV_testbenc...
WARNING: [XSIM 43-3373] "/home/thienlong/CE434/Assignment/Week3/Floating_Point_RGBtoHSV_testbench.v" Line 16. System function $fscanf is used as system task. This system function should have a LHS e.g. x=$fscanf().
Compiling module xil_defaultlib.glbl
Built simulation snapshot Floating_Point_RGBtoHSV_testbench_func_synth
